[INFO] Scanning for projects...
[INFO] 
[INFO] ----------------< com.smartinventory:inventory-service >----------------
[INFO] Building inventory-service 0.0.1-SNAPSHOT
[INFO]   from pom.xml
[INFO] --------------------------------[ jar ]---------------------------------
[INFO] 
[INFO] --- clean:3.4.1:clean (default-clean) @ inventory-service ---
[INFO] Deleting C:\Users\ASUS\Downloads\inventory-service\inventory-service\backend\target
[INFO] 
[INFO] --- resources:3.3.1:resources (default-resources) @ inventory-service ---
[INFO] Copying 1 resource from src\main\resources to target\classes
[INFO] Copying 7 resources from src\main\resources to target\classes
[INFO] 
[INFO] --- compiler:3.14.1:compile (default-compile) @ inventory-service ---
[INFO] Recompiling the module because of changed source code.
[INFO] Compiling 12 source files with javac [debug parameters release 17] to target\classes
[INFO] Annotation processing is enabled because one or more processors were found
  on the class path. A future release of javac may disable annotation processing
  unless at least one processor is specified by name (-processor), or a search
  path is specified (--processor-path, --processor-module-path), or annotation
  processing is enabled explicitly (-proc:only, -proc:full).
  Use -Xlint:-options to suppress this message.
  Use -proc:none to disable annotation processing.
[INFO] -------------------------------------------------------------
[ERROR] COMPILATION ERROR : 
[INFO] -------------------------------------------------------------
[ERROR] /C:/Users/ASUS/Downloads/inventory-service/inventory-service/backend/src/main/java/com/smartinventory/inventory_service/service/InventoryService.java:[124,21] no suitable constructor found for Product(java.lang.String,int,int)
    constructor com.smartinventory.inventory_service.model.Product.Product() is not applicable
      (actual and formal argument lists differ in length)
    constructor com.smartinventory.inventory_service.model.Product.Product(java.lang.String,int,int,int) is not applicable
      (actual and formal argument lists differ in length)
[INFO] 1 error
[INFO] -------------------------------------------------------------
[INFO] ------------------------------------------------------------------------
[INFO] BUILD FAILURE
[INFO] ------------------------------------------------------------------------
[INFO] Total time:  6.981 s
[INFO] Finished at: 2026-01-08T00:14:55+05:30
[INFO] ------------------------------------------------------------------------
[ERROR] Failed to execute goal org.apache.maven.plugins:maven-compiler-plugin:3.14.1:compile (default-compile) on project inventory-service: Compilation failure
[ERROR] /C:/Users/ASUS/Downloads/inventory-service/inventory-service/backend/src/main/java/com/smartinventory/inventory_service/service/InventoryService.java:[124,21] no suitable constructor found for Product(java.lang.String,int,int)
[ERROR]     constructor com.smartinventory.inventory_service.model.Product.Product() is not applicable
[ERROR]       (actual and formal argument lists differ in length)
[ERROR]     constructor com.smartinventory.inventory_service.model.Product.Product(java.lang.String,int,int,int) is not applicable
[ERROR]       (actual and formal argument lists differ in length)
[ERROR] 
[ERROR] -> [Help 1]
[ERROR] 
[ERROR] To see the full stack trace of the errors, re-run Maven with the -e switch.
[ERROR] Re-run Maven using the -X switch to enable full debug logging.
[ERROR] 
[ERROR] For more information about the errors and possible solutions, please read the following articles:
[ERROR] [Help 1] http://cwiki.apache.org/confluence/display/MAVEN/MojoFailureException
